----- 18.4.2020 17:38:46: Job 'Python_Code_Sync': ANALYSIS started by Periodic Timer on computer 'JAB-PC' (GoodSync 8.9.6.6 on Windows 7) -----
Python_Code_Sync: C:\Python\RaspiSync <=forced-NoPropDels= X:, SavePrevVers, TmpDest, EstReq, CopyLocked, FileLinksDrill, Reconnect=3, AutoStartDelay=30, ChangeLimit=10
Exclude Hidden, Exclude System, Exclude *.log|licens*.rfo|cache.rfo|mru.rfo|mpp*.rfo|/System Volume Information|Thumbs.db|.DS_Store|RoboForm Online Account.rfp|name *._gstmp 
Left: Reading State File C:\Python\RaspiSync\_gsdata_\_file_state_v4._gs
Locking folder C:\Python\RaspiSync for write
Left: Files: 1 078 (excluded 4). Folders: 379 (excluded 1). C: NTFS, Free: 20,5 Gt, Total: 465 Gt
Right: Reading State File X:\_gsdata_\_file_state_v4._gs
Locking folder X: for write
Right: Files: 1 075 (excluded 6). Folders: 377 (excluded 2). X: \\192.168.10.53\pifileshare NTFS, Free: 10,0 Gt, Total: 14,2 Gt
On disk file:///C: space required for sync is 4,00 kt, you have 20,5 Gt
Changes: 1, Conflicts: 0, CopyTime: 0, CopyState: 0, Errors: 0
Right to Left: Copy File: 1 
----- 18.4.2020 17:38:50: Analysis Completed. Time 00:00:16, Speed: 91 files/s -----
===== 18.4.2020 17:38:50: Job 'Python_Code_Sync': SYNC started by Periodic Timer on computer 'JAB-PC' =====
Python_Code_Sync: C:\Python\RaspiSync <=forced-NoPropDels= X:, SavePrevVers, TmpDest, EstReq, CopyLocked, FileLinksDrill, Reconnect=3, AutoStartDelay=30, ChangeLimit=10
Copy Over 'X:\power.json' -> 'C:\Python\RaspiSync\power.json'
Save State File C:\Python\RaspiSync\_gsdata_\_file_state_v4._gs
Save State File X:\_gsdata_\_file_state_v4._gs
Items Synced OK: 1, Errors: 0
===== 18.4.2020 17:38:55: Sync Completed. Time: 00:00:05, Speed:  =====
Unlocking folder (set insync file) C:\Python\RaspiSync\_gsdata_\_insync_v4.gsl
Unlocking folder (set insync file) X:\_gsdata_\_insync_v4.gsl

