----- 18.4.2020 14:49:57: Job 'Python_Code_Sync': ANALYSIS started by Periodic Timer on computer 'JAB-PC' (GoodSync 8.9.6.6 on Windows 7) -----
Python_Code_Sync: C:\Python\RaspiSync <=forced-NoPropDels= X:, SavePrevVers, TmpDest, EstReq, CopyLocked, FileLinksDrill, Reconnect=3, AutoStartDelay=30, ChangeLimit=10
Exclude Hidden, Exclude System, Exclude *.log|licens*.rfo|cache.rfo|mru.rfo|mpp*.rfo|/System Volume Information|Thumbs.db|.DS_Store|RoboForm Online Account.rfp|name *._gstmp 
Left: Reading State File C:\Python\RaspiSync\_gsdata_\_file_state_v4._gs
Locking folder C:\Python\RaspiSync for write
Left: Files: 1 077 (excluded 4). Folders: 379 (excluded 1). C: NTFS, Free: 20,5 Gt, Total: 465 Gt
Right: Reading State File X:\_gsdata_\_file_state_v4._gs
Locking folder X: for write
Right: Files: 1 075 (excluded 6). Folders: 377 (excluded 2). X: \\192.168.10.53\pifileshare NTFS, Free: 10,0 Gt, Total: 14,2 Gt
On disk file:///C: space required for sync is 12,0 kt, you have 20,5 Gt
Changes: 3, Conflicts: 0, CopyTime: 0, CopyState: 0, Errors: 0
Right to Left: Copy File: 3 
----- 18.4.2020 14:50:16: Analysis Completed. Time 00:00:19, Speed: 77 files/s -----
===== 18.4.2020 14:50:16: Job 'Python_Code_Sync': SYNC started by Periodic Timer on computer 'JAB-PC' =====
Python_Code_Sync: C:\Python\RaspiSync <=forced-NoPropDels= X:, SavePrevVers, TmpDest, EstReq, CopyLocked, FileLinksDrill, Reconnect=3, AutoStartDelay=30, ChangeLimit=10
Copy New 'X:\flask_web\flaskblog\__init__.pyc' -> 'C:\Python\RaspiSync\flask_web\flaskblog\__init__.pyc'
Close Modified Folder (mod-time, acl): /flask_web/flaskblog
Copy Over 'X:\power.json' -> 'C:\Python\RaspiSync\power.json'
Copy Over 'X:\variables.json' -> 'C:\Python\RaspiSync\variables.json'
Save State File C:\Python\RaspiSync\_gsdata_\_file_state_v4._gs
Save State File X:\_gsdata_\_file_state_v4._gs
Items Synced OK: 3, Errors: 0
===== 18.4.2020 14:50:16: Sync Completed. Time: 00:00:00, Speed:  =====
Unlocking folder (set insync file) C:\Python\RaspiSync\_gsdata_\_insync_v4.gsl
Unlocking folder (set insync file) X:\_gsdata_\_insync_v4.gsl

