----- 22.4.2020 8:22:56: Job 'Python_Code_Sync': ANALYSIS started by Periodic Timer on computer 'JAB-PC' (GoodSync 8.9.6.6 on Windows 7) -----
Python_Code_Sync: C:\Python\RaspiSync <=forced-NoPropDels= X:, SavePrevVers, TmpDest, EstReq, CopyLocked, FileLinksDrill, Reconnect=3, AutoStartDelay=30, ChangeLimit=10
Exclude Hidden, Exclude System, Exclude *.log|licens*.rfo|cache.rfo|mru.rfo|mpp*.rfo|/System Volume Information|Thumbs.db|.DS_Store|RoboForm Online Account.rfp|name *._gstmp 
Left: Reading State File C:\Python\RaspiSync\_gsdata_\_file_state_v4._gs
Locking folder C:\Python\RaspiSync for write
Left: Files: 1 087 (excluded 4). Folders: 379 (excluded 1). C: NTFS, Free: 20,3 Gt, Total: 465 Gt
Right: Reading State File X:\_gsdata_\_file_state_v4._gs
Locking folder X: for write
Right: Files: 1 080 (excluded 6). Folders: 377 (excluded 2). X: \\192.168.10.53\pifileshare NTFS, Free: 10,0 Gt, Total: 14,2 Gt
On disk file:///C: space required for sync is 8,00 kt, you have 20,3 Gt
Changes: 2, Conflicts: 0, CopyTime: 0, CopyState: 0, Errors: 0
Right to Left: Copy File: 2 
----- 22.4.2020 8:23:02: Analysis Completed. Time 00:00:06, Speed: 245 files/s -----
===== 22.4.2020 8:23:26: Job 'Python_Code_Sync': SYNC started by Periodic Timer on computer 'JAB-PC' =====
Python_Code_Sync: C:\Python\RaspiSync <=forced-NoPropDels= X:, SavePrevVers, TmpDest, EstReq, CopyLocked, FileLinksDrill, Reconnect=3, AutoStartDelay=30, ChangeLimit=10
Copy Over 'X:\power.json' -> 'C:\Python\RaspiSync\power.json'
Copy New 'X:\rawpower.log.2020-04-21' -> 'C:\Python\RaspiSync\rawpower.log.2020-04-21'
Save State File C:\Python\RaspiSync\_gsdata_\_file_state_v4._gs
Save State File X:\_gsdata_\_file_state_v4._gs
Items Synced OK: 2, Errors: 0
===== 22.4.2020 8:23:26: Sync Completed. Time: 00:00:00, Speed:  =====
Unlocking folder (set insync file) C:\Python\RaspiSync\_gsdata_\_insync_v4.gsl
Unlocking folder (set insync file) X:\_gsdata_\_insync_v4.gsl

